<?xml version="1.0" encoding="UTF-8" standalone="no"?>
<!DOCTYPE log SYSTEM "logger.dtd">
<log>
<record>
  <date>2017-05-19T14:48:31</date>
  <millis>1495198111169</millis>
  <sequence>0</sequence>
  <logger>io.vertx.core.impl.launcher.commands.RunCommand</logger>
  <level>INFO</level>
  <thread>1</thread>
  <message>Starting clustering...</message>
</record>
<record>
  <date>2017-05-19T14:48:31</date>
  <millis>1495198111209</millis>
  <sequence>1</sequence>
  <logger>io.vertx.core.impl.launcher.commands.RunCommand</logger>
  <level>INFO</level>
  <thread>1</thread>
  <message>No cluster-host specified so using address 192.168.56.1</message>
</record>
<record>
  <date>2017-05-19T14:48:31</date>
  <millis>1495198111427</millis>
  <sequence>2</sequence>
  <logger>com.hazelcast.config.AbstractXmlConfigHelper</logger>
  <level>WARNING</level>
  <class>com.hazelcast.config.AbstractXmlConfigHelper</class>
  <thread>13</thread>
  <message>Name of the hazelcast schema location incorrect using default</message>
</record>
<record>
  <date>2017-05-19T14:48:31</date>
  <millis>1495198111634</millis>
  <sequence>3</sequence>
  <logger>com.hazelcast.instance.DefaultAddressPicker</logger>
  <level>INFO</level>
  <class>com.hazelcast.instance.DefaultAddressPicker</class>
  <thread>13</thread>
  <message>[LOCAL] [dev] [3.6.3] Prefer IPv4 stack is true.</message>
</record>
<record>
  <date>2017-05-19T14:48:31</date>
  <millis>1495198111648</millis>
  <sequence>4</sequence>
  <logger>com.hazelcast.instance.DefaultAddressPicker</logger>
  <level>INFO</level>
  <class>com.hazelcast.instance.DefaultAddressPicker</class>
  <thread>13</thread>
  <message>[LOCAL] [dev] [3.6.3] Picked Address[192.168.56.1]:5701, using socket ServerSocket[addr=/0:0:0:0:0:0:0:0,localport=5701], bind any local is true</message>
</record>
<record>
  <date>2017-05-19T14:48:31</date>
  <millis>1495198111658</millis>
  <sequence>5</sequence>
  <logger>com.hazelcast.system</logger>
  <level>INFO</level>
  <class>com.hazelcast.system</class>
  <thread>13</thread>
  <message>[192.168.56.1]:5701 [dev] [3.6.3] Hazelcast 3.6.3 (20160527 - 08b28c3) starting at Address[192.168.56.1]:5701</message>
</record>
<record>
  <date>2017-05-19T14:48:31</date>
  <millis>1495198111659</millis>
  <sequence>6</sequence>
  <logger>com.hazelcast.system</logger>
  <level>INFO</level>
  <class>com.hazelcast.system</class>
  <thread>13</thread>
  <message>[192.168.56.1]:5701 [dev] [3.6.3] Copyright (c) 2008-2016, Hazelcast, Inc. All Rights Reserved.</message>
</record>
<record>
  <date>2017-05-19T14:48:31</date>
  <millis>1495198111660</millis>
  <sequence>7</sequence>
  <logger>com.hazelcast.system</logger>
  <level>INFO</level>
  <class>com.hazelcast.system</class>
  <thread>13</thread>
  <message>[192.168.56.1]:5701 [dev] [3.6.3] Configured Hazelcast Serialization version : 1</message>
</record>
<record>
  <date>2017-05-19T14:48:31</date>
  <millis>1495198111798</millis>
  <sequence>9</sequence>
  <logger>com.hazelcast.spi.OperationService</logger>
  <level>INFO</level>
  <class>com.hazelcast.spi.OperationService</class>
  <thread>13</thread>
  <message>[192.168.56.1]:5701 [dev] [3.6.3] Backpressure is disabled</message>
</record>
<record>
  <date>2017-05-19T14:48:31</date>
  <millis>1495198111816</millis>
  <sequence>10</sequence>
  <logger>com.hazelcast.spi.impl.operationexecutor.classic.ClassicOperationExecutor</logger>
  <level>INFO</level>
  <class>com.hazelcast.spi.impl.operationexecutor.classic.ClassicOperationExecutor</class>
  <thread>13</thread>
  <message>[192.168.56.1]:5701 [dev] [3.6.3] Starting with 4 generic operation threads and 8 partition operation threads.</message>
</record>
<record>
  <date>2017-05-19T14:48:32</date>
  <millis>1495198112072</millis>
  <sequence>12</sequence>
  <logger>com.hazelcast.instance.Node</logger>
  <level>INFO</level>
  <class>com.hazelcast.instance.Node</class>
  <thread>13</thread>
  <message>[192.168.56.1]:5701 [dev] [3.6.3] Creating MulticastJoiner</message>
</record>
<record>
  <date>2017-05-19T14:48:32</date>
  <millis>1495198112076</millis>
  <sequence>13</sequence>
  <logger>com.hazelcast.core.LifecycleService</logger>
  <level>INFO</level>
  <class>com.hazelcast.core.LifecycleService</class>
  <thread>13</thread>
  <message>[192.168.56.1]:5701 [dev] [3.6.3] Address[192.168.56.1]:5701 is STARTING</message>
</record>
<record>
  <date>2017-05-19T14:48:32</date>
  <millis>1495198112178</millis>
  <sequence>15</sequence>
  <logger>com.hazelcast.nio.tcp.nonblocking.NonBlockingIOThreadingModel</logger>
  <level>INFO</level>
  <class>com.hazelcast.nio.tcp.nonblocking.NonBlockingIOThreadingModel</class>
  <thread>13</thread>
  <message>[192.168.56.1]:5701 [dev] [3.6.3] TcpIpConnectionManager configured with Non Blocking IO-threading model: 3 input threads and 3 output threads</message>
</record>
<record>
  <date>2017-05-19T14:48:34</date>
  <millis>1495198114404</millis>
  <sequence>16</sequence>
  <logger>com.hazelcast.cluster.impl.MulticastJoiner</logger>
  <level>INFO</level>
  <class>com.hazelcast.cluster.impl.MulticastJoiner</class>
  <thread>13</thread>
  <message>[192.168.56.1]:5701 [dev] [3.6.3] 


Members [1] {
	Member [192.168.56.1]:5701 this
}
</message>
</record>
<record>
  <date>2017-05-19T14:48:34</date>
  <millis>1495198114439</millis>
  <sequence>17</sequence>
  <logger>com.hazelcast.core.LifecycleService</logger>
  <level>INFO</level>
  <class>com.hazelcast.core.LifecycleService</class>
  <thread>13</thread>
  <message>[192.168.56.1]:5701 [dev] [3.6.3] Address[192.168.56.1]:5701 is STARTED</message>
</record>
<record>
  <date>2017-05-19T14:48:34</date>
  <millis>1495198114588</millis>
  <sequence>18</sequence>
  <logger>com.hazelcast.partition.InternalPartitionService</logger>
  <level>INFO</level>
  <class>com.hazelcast.partition.InternalPartitionService</class>
  <thread>56</thread>
  <message>[192.168.56.1]:5701 [dev] [3.6.3] Initializing cluster partition table arrangement...</message>
</record>
<record>
  <date>2017-05-19T14:48:36</date>
  <millis>1495198116903</millis>
  <sequence>19</sequence>
  <logger>io.vertx.core.impl.launcher.commands.VertxIsolatedDeployer</logger>
  <level>INFO</level>
  <thread>63</thread>
  <message>Succeeded in deploying verticle</message>
</record>
</log>
